<?xml version="1.0" encoding="UTF-8"?>
<!-- Generated by org.testng.reporters.JUnitReportReporter -->
<testsuite skipped="1" hostname="DESKTOP-FNF69NB" name="testcases.BankManagerLoginTest" tests="1" failures="0" timestamp="26 Jul 2017 10:07:43 GMT" time="0.000" errors="0">
  <testcase name="loginAsBankManager" time="0.000" classname="testcases.BankManagerLoginTest">
    <skipped/>
  </testcase> <!-- loginAsBankManager -->
</testsuite> <!-- testcases.BankManagerLoginTest -->
